<?xml version="1.0" encoding="UTF-8"?>
<testsuite name="com.github.op88.smartcopy.ocr.MockkWorkaroundTest" tests="1" skipped="0" failures="0" errors="0" timestamp="2026-08-07T14:12:02.465Z" hostname="marc" time="0.006">
  <properties/>
  <testcase name="test" classname="com.github.op88.smartcopy.ocr.MockkWorkaroundTest" time="0.006"/>
  <system-out><![CDATA[com.google.mlkit.vision.text.Text$Element(com.google.android.gms.internal.mlkit_vision_text_common.zzvb,android.graphics.Matrix)
public com.google.mlkit.vision.text.Text$Element(java.lang.String,android.graphics.Rect,java.util.List,java.lang.String,android.graphics.Matrix,float,float,java.util.List)
]]></system-out>
  <system-err><![CDATA[]]></system-err>
</testsuite>
